<?xml version="1.0" encoding="UTF-8"?>
<!-- Generated by org.testng.reporters.JUnitReportReporter -->
<testsuite hostname="EGY-MMahran-N2" name="TestSteps.WorkCompOrderSteps" tests="1" failures="0" timestamp="23 Dec 2014 14:35:28 GMT" time="90.865" errors="0">
  <testcase name="testWorkCompOrder" time="90.865" classname="TestSteps.WorkCompOrderSteps"/>
</testsuite> <!-- TestSteps.WorkCompOrderSteps -->
