<?xml version="1.0" encoding="UTF-8"?>
<!-- Generated by org.testng.reporters.JUnitReportReporter -->
<testsuite hostname="EGY-MMahran-N2" name="TestSteps.old" tests="1" failures="0" timestamp="23 Dec 2014 14:35:28 GMT" time="14.258" errors="0">
  <testcase name="testSignin" time="14.258" classname="TestSteps.old"/>
</testsuite> <!-- TestSteps.old -->
