<?xml version="1.0" encoding="UTF-8"?>
<!-- Generated by org.testng.reporters.JUnitReportReporter -->
<testsuite hostname="EGY-ARamadan-NB" name="TestSteps.Orders_4_RecordsSummaryOrder" tests="1" failures="0" timestamp="9 Dec 2014 14:49:51 GMT" time="47.166" errors="0">
  <testcase name="testWorkCompOrder" time="47.166" classname="TestSteps.Orders_4_RecordsSummaryOrder"/>
</testsuite> <!-- TestSteps.Orders_4_RecordsSummaryOrder -->
